<?xml version="1.0" encoding="UTF-8"?>
<!-- Generated by org.testng.reporters.JUnitReportReporter -->
<testsuite hostname="Sriharsha-HP" failures="0" tests="2" name="com.APIAutomation.APITest" time="3.054" errors="0" timestamp="2023-03-08T08:25:23 CET" skipped="0">
  <testcase classname="com.APIAutomation.APITest" name="testAddUserAPI" time="2.715"/>
  <system-out/>
  <testcase classname="com.APIAutomation.APITest" name="testUserListAPI" time="0.339"/>
  <system-out/>
</testsuite> <!-- com.APIAutomation.APITest -->
